[debug] [2020-09-29T22:06:48.568Z] ----------------------------------------------------------------------
[debug] [2020-09-29T22:06:48.568Z] Command:       C:\Program Files\nodejs\node.exe C:\Users\saidi\AppData\Roaming\npm\node_modules\firebase-tools\lib\bin\firebase.js init
[debug] [2020-09-29T22:06:48.568Z] CLI Version:   8.11.2
[debug] [2020-09-29T22:06:48.568Z] Platform:      win32
[debug] [2020-09-29T22:06:48.568Z] Node Version:  v14.5.0
[debug] [2020-09-29T22:06:48.568Z] Time:          Tue Sep 29 2020 22:06:48 GMT+0000 (Greenwich Mean Time)
[debug] [2020-09-29T22:06:48.568Z] ----------------------------------------------------------------------
[debug] [2020-09-29T22:06:48.568Z] 
[debug] [2020-09-29T22:06:48.595Z] > command requires scopes: ["email","openid","https://www.googleapis.com/auth/cloudplatformprojects.readonly","https://www.googleapis.com/auth/firebase","https://www.googleapis.com/auth/cloud-platform"]
[debug] [2020-09-29T22:06:48.597Z] > authorizing via signed-in user
[info] 
     ######## #### ########  ######## ########     ###     ######  ########
     ##        ##  ##     ## ##       ##     ##  ##   ##  ##       ##
     ######    ##  ########  ######   ########  #########  ######  ######
     ##        ##  ##    ##  ##       ##     ## ##     ##       ## ##
     ##       #### ##     ## ######## ########  ##     ##  ######  ########

You're about to initialize a Firebase project in this directory:

  C:\Users\saidi\Desktop\work\talents-in-africa-web-client

Before we get started, keep in mind:

  * You are initializing in an existing Firebase project directory

[info] 
=== Project Setup
[info] 
[info] First, let's associate this project directory with a Firebase project.
[info] You can create multiple project aliases by running firebase use --add, 
[info] but for now we'll just set up a default project.
[info] 
[info] i  .firebaserc already has a default project, using africa-skills-hub. 
[debug] [2020-09-29T22:19:40.991Z] >>> HTTP REQUEST GET https://firebase.googleapis.com/v1beta1/projects/africa-skills-hub  
 
[debug] [2020-09-29T22:19:41.799Z] <<< HTTP RESPONSE 200 {"content-type":"application/json; charset=UTF-8","vary":"X-Origin, Referer, Origin,Accept-Encoding","date":"Tue, 29 Sep 2020 22:19:15 GMT","server":"ESF","cache-control":"private","x-xss-protection":"0","x-frame-options":"SAMEORIGIN","x-content-type-options":"nosniff","alt-svc":"h3-Q050=\":443\"; ma=2592000,h3-29=\":443\"; ma=2592000,h3-27=\":443\"; ma=2592000,h3-T051=\":443\"; ma=2592000,h3-T050=\":443\"; ma=2592000,h3-Q046=\":443\"; ma=2592000,h3-Q043=\":443\"; ma=2592000,quic=\":443\"; ma=2592000; v=\"46,43\"","accept-ranges":"none","transfer-encoding":"chunked"}
[info] 
=== Hosting Setup
[info] 
[info] Your public directory is the folder (relative to your project directory) that
[info] will contain Hosting assets to be uploaded with firebase deploy. If you
[info] have a build process for your assets, use your build's output directory.
[info] 
[debug] [2020-09-29T22:24:18.397Z] ----------------------------------------------------------------------
[debug] [2020-09-29T22:24:18.401Z] Command:       C:\Program Files\nodejs\node.exe C:\Users\saidi\AppData\Roaming\npm\node_modules\firebase-tools\lib\bin\firebase.js init
[debug] [2020-09-29T22:24:18.402Z] CLI Version:   8.11.2
[debug] [2020-09-29T22:24:18.402Z] Platform:      win32
[debug] [2020-09-29T22:24:18.402Z] Node Version:  v14.5.0
[debug] [2020-09-29T22:24:18.404Z] Time:          Tue Sep 29 2020 22:24:18 GMT+0000 (Greenwich Mean Time)
[debug] [2020-09-29T22:24:18.405Z] ----------------------------------------------------------------------
[debug] [2020-09-29T22:24:18.405Z] 
[debug] [2020-09-29T22:24:18.419Z] > command requires scopes: ["email","openid","https://www.googleapis.com/auth/cloudplatformprojects.readonly","https://www.googleapis.com/auth/firebase","https://www.googleapis.com/auth/cloud-platform"]
[debug] [2020-09-29T22:24:18.420Z] > authorizing via signed-in user
[info] 
     ######## #### ########  ######## ########     ###     ######  ########
     ##        ##  ##     ## ##       ##     ##  ##   ##  ##       ##
     ######    ##  ########  ######   ########  #########  ######  ######
     ##        ##  ##    ##  ##       ##     ## ##     ##       ## ##
     ##       #### ##     ## ######## ########  ##     ##  ######  ########

You're about to initialize a Firebase project in this directory:

  C:\Users\saidi\Desktop\work\talents-in-africa-web-client

Before we get started, keep in mind:

  * You are initializing in an existing Firebase project directory

[info] 
=== Project Setup
[info] 
[info] First, let's associate this project directory with a Firebase project.
[info] You can create multiple project aliases by running firebase use --add, 
[info] but for now we'll just set up a default project.
[info] 
[info] i  .firebaserc already has a default project, using africa-skills-hub. 
[debug] [2020-09-29T22:24:27.781Z] >>> HTTP REQUEST GET https://firebase.googleapis.com/v1beta1/projects/africa-skills-hub  
 
[debug] [2020-09-29T22:24:49.274Z] Server Error. connect ETIMEDOUT 172.217.18.42:443
[debug] [2020-09-29T22:24:49.957Z] FirebaseError: Server Error. connect ETIMEDOUT 172.217.18.42:443
    at Request._callback (C:\Users\saidi\AppData\Roaming\npm\node_modules\firebase-tools\lib\api.js:32:31)
    at self.callback (C:\Users\saidi\AppData\Roaming\npm\node_modules\firebase-tools\node_modules\request\request.js:185:22)
    at Request.emit (events.js:314:20)
    at Request.EventEmitter.emit (domain.js:486:12)
    at Request.onRequestError (C:\Users\saidi\AppData\Roaming\npm\node_modules\firebase-tools\node_modules\request\request.js:877:8)
    at ClientRequest.emit (events.js:326:22)
    at ClientRequest.EventEmitter.emit (domain.js:486:12)
    at TLSSocket.socketErrorListener (_http_client.js:469:9)
    at TLSSocket.emit (events.js:314:20)
    at TLSSocket.EventEmitter.emit (domain.js:486:12)
    at emitErrorNT (internal/streams/destroy.js:100:8)
    at emitErrorCloseNT (internal/streams/destroy.js:68:3)
    at processTicksAndRejections (internal/process/task_queues.js:80:21)
[error] 
[error] Error: Failed to get Firebase project africa-skills-hub. Please make sure the project exists and your account has permission to access it.
